#
# There is insufficient memory for the Java Runtime Environment to continue.
# Native memory allocation (mmap) failed to map 357564416 bytes for committing reserved memory.
# Possible reasons:
#   The system is out of physical RAM or swap space
#   The process is running with CompressedOops enabled, and the Java Heap may be blocking the growth of the native heap
# Possible solutions:
#   Reduce memory load on the system
#   Increase physical memory or swap space
#   Check if swap backing store is full
#   Decrease Java heap size (-Xmx/-Xms)
#   Decrease number of Java threads
#   Decrease Java thread stack sizes (-Xss)
#   Set larger code cache with -XX:ReservedCodeCacheSize=
# This output file may be truncated or incomplete.
#
#  Out of Memory Error (os_linux.cpp:2749), pid=14680, tid=0x00007f7d03bfc700
#
# JRE version:  (8.0_201-b09) (build )
# Java VM: Java HotSpot(TM) 64-Bit Server VM (25.201-b09 mixed mode linux-amd64 compressed oops)
# Failed to write core dump. Core dumps have been disabled. To enable core dumping, try "ulimit -c unlimited" before starting Java again
#

---------------  T H R E A D  ---------------

Current thread (0x00007f7cfc00a800):  JavaThread "Unknown thread" [_thread_in_vm, id=14681, stack(0x00007f7d03afc000,0x00007f7d03bfd000)]

Stack: [0x00007f7d03afc000,0x00007f7d03bfd000],  sp=0x00007f7d03bfb5e0,  free space=1021k
Native frames: (J=compiled Java code, j=interpreted, Vv=VM code, C=native code)
V  [libjvm.so+0xad3525]  VMError::report_and_die()+0x2e5
V  [libjvm.so+0x4e0457]  report_vm_out_of_memory(char const*, int, unsigned long, VMErrorType, char const*)+0x67
V  [libjvm.so+0x9102f0]  os::pd_commit_memory(char*, unsigned long, unsigned long, bool)+0x100
V  [libjvm.so+0x90791f]  os::commit_memory(char*, unsigned long, unsigned long, bool)+0x1f
V  [libjvm.so+0x98c806]  PSVirtualSpace::expand_by(unsigned long)+0x56
V  [libjvm.so+0x98e726]  PSYoungGen::initialize(ReservedSpace, unsigned long)+0x96
V  [libjvm.so+0x2bcf94]  AdjoiningGenerations::AdjoiningGenerations(ReservedSpace, GenerationSizer*, unsigned long)+0x2c4
V  [libjvm.so+0x93ad32]  ParallelScavengeHeap::initialize()+0x222
V  [libjvm.so+0xa9714a]  Universe::initialize_heap()+0x16a
V  [libjvm.so+0xa97433]  universe_init()+0x33
V  [libjvm.so+0x631fd0]  init_globals()+0x50
V  [libjvm.so+0xa79b69]  Threads::create_vm(JavaVMInitArgs*, bool*)+0x409
V  [libjvm.so+0x6d7b4f]  JNI_CreateJavaVM+0x4f
C  [libjli.so+0x7ee4]  JavaMain+0x84
C  [libpthread.so.0+0x76ba]  start_thread+0xca


---------------  P R O C E S S  ---------------

Java Threads: ( => current thread )

Other Threads:

=>0x00007f7cfc00a800 (exited) JavaThread "Unknown thread" [_thread_in_vm, id=14681, stack(0x00007f7d03afc000,0x00007f7d03bfd000)]

VM state:not at safepoint (not fully initialized)

VM Mutex/Monitor currently owned by a thread: None

heap address: 0x00000000c0000000, size: 1024 MB, Compressed Oops mode: Non-zero based:0x00000000bffff000
Narrow klass base: 0x0000000000000000, Narrow klass shift: 0

GC Heap History (0 events):
No events

Deoptimization events (0 events):
No events

Classes redefined (0 events):
No events

Internal exceptions (0 events):
No events

Events (0 events):
No events


Dynamic libraries:
00400000-00401000 r-xp 00000000 fc:01 3806214                            /usr/lib/jvm/java-8-oracle/jre/bin/java
00600000-00601000 r--p 00000000 fc:01 3806214                            /usr/lib/jvm/java-8-oracle/jre/bin/java
00601000-00602000 rw-p 00001000 fc:01 3806214                            /usr/lib/jvm/java-8-oracle/jre/bin/java
02089000-020aa000 rw-p 00000000 00:00 0                                  [heap]
c0000000-eab00000 ---p 00000000 00:00 0 
7f7cf4000000-7f7cf4270000 rwxp 00000000 00:00 0 
7f7cf4270000-7f7cfc000000 ---p 00000000 00:00 0 
7f7cfc000000-7f7cfc034000 rw-p 00000000 00:00 0 
7f7cfc034000-7f7d00000000 ---p 00000000 00:00 0 
7f7d005cb000-7f7d00860000 rw-p 00000000 00:00 0 
7f7d00860000-7f7d00a60000 ---p 00000000 00:00 0 
7f7d00a60000-7f7d00a6b000 rw-p 00000000 00:00 0 
7f7d00a6b000-7f7d00c61000 ---p 00000000 00:00 0 
7f7d00c61000-7f7d00c7c000 r-xp 00000000 fc:01 4197211                    /usr/lib/jvm/java-8-oracle/jre/lib/amd64/libzip.so
7f7d00c7c000-7f7d00e7b000 ---p 0001b000 fc:01 4197211                    /usr/lib/jvm/java-8-oracle/jre/lib/amd64/libzip.so
7f7d00e7b000-7f7d00e7c000 r--p 0001a000 fc:01 4197211                    /usr/lib/jvm/java-8-oracle/jre/lib/amd64/libzip.so
7f7d00e7c000-7f7d00e7d000 rw-p 0001b000 fc:01 4197211                    /usr/lib/jvm/java-8-oracle/jre/lib/amd64/libzip.so
7f7d00e7d000-7f7d00e88000 r-xp 00000000 fc:01 8652632                    /lib/x86_64-linux-gnu/libnss_files-2.23.so
7f7d00e88000-7f7d01087000 ---p 0000b000 fc:01 8652632                    /lib/x86_64-linux-gnu/libnss_files-2.23.so
7f7d01087000-7f7d01088000 r--p 0000a000 fc:01 8652632                    /lib/x86_64-linux-gnu/libnss_files-2.23.so
7f7d01088000-7f7d01089000 rw-p 0000b000 fc:01 8652632                    /lib/x86_64-linux-gnu/libnss_files-2.23.so
7f7d01089000-7f7d0108f000 rw-p 00000000 00:00 0 
7f7d0108f000-7f7d0109a000 r-xp 00000000 fc:01 8652636                    /lib/x86_64-linux-gnu/libnss_nis-2.23.so
7f7d0109a000-7f7d01299000 ---p 0000b000 fc:01 8652636                    /lib/x86_64-linux-gnu/libnss_nis-2.23.so
7f7d01299000-7f7d0129a000 r--p 0000a000 fc:01 8652636                    /lib/x86_64-linux-gnu/libnss_nis-2.23.so
7f7d0129a000-7f7d0129b000 rw-p 0000b000 fc:01 8652636                    /lib/x86_64-linux-gnu/libnss_nis-2.23.so
7f7d0129b000-7f7d012b1000 r-xp 00000000 fc:01 8652578                    /lib/x86_64-linux-gnu/libnsl-2.23.so
7f7d012b1000-7f7d014b0000 ---p 00016000 fc:01 8652578                    /lib/x86_64-linux-gnu/libnsl-2.23.so
7f7d014b0000-7f7d014b1000 r--p 00015000 fc:01 8652578                    /lib/x86_64-linux-gnu/libnsl-2.23.so
7f7d014b1000-7f7d014b2000 rw-p 00016000 fc:01 8652578                    /lib/x86_64-linux-gnu/libnsl-2.23.so
7f7d014b2000-7f7d014b4000 rw-p 00000000 00:00 0 
7f7d014b4000-7f7d014bc000 r-xp 00000000 fc:01 8652589                    /lib/x86_64-linux-gnu/libnss_compat-2.23.so
7f7d014bc000-7f7d016bb000 ---p 00008000 fc:01 8652589                    /lib/x86_64-linux-gnu/libnss_compat-2.23.so
7f7d016bb000-7f7d016bc000 r--p 00007000 fc:01 8652589                    /lib/x86_64-linux-gnu/libnss_compat-2.23.so
7f7d016bc000-7f7d016bd000 rw-p 00008000 fc:01 8652589                    /lib/x86_64-linux-gnu/libnss_compat-2.23.so
7f7d016bd000-7f7d016e9000 r-xp 00000000 fc:01 4197201                    /usr/lib/jvm/java-8-oracle/jre/lib/amd64/libjava.so
7f7d016e9000-7f7d018e9000 ---p 0002c000 fc:01 4197201                    /usr/lib/jvm/java-8-oracle/jre/lib/amd64/libjava.so
7f7d018e9000-7f7d018ea000 r--p 0002c000 fc:01 4197201                    /usr/lib/jvm/java-8-oracle/jre/lib/amd64/libjava.so
7f7d018ea000-7f7d018ec000 rw-p 0002d000 fc:01 4197201                    /usr/lib/jvm/java-8-oracle/jre/lib/amd64/libjava.so
7f7d018ec000-7f7d018f9000 r-xp 00000000 fc:01 4197210                    /usr/lib/jvm/java-8-oracle/jre/lib/amd64/libverify.so
7f7d018f9000-7f7d01af8000 ---p 0000d000 fc:01 4197210                    /usr/lib/jvm/java-8-oracle/jre/lib/amd64/libverify.so
7f7d01af8000-7f7d01afa000 r--p 0000c000 fc:01 4197210                    /usr/lib/jvm/java-8-oracle/jre/lib/amd64/libverify.so
7f7d01afa000-7f7d01afb000 rw-p 0000e000 fc:01 4197210                    /usr/lib/jvm/java-8-oracle/jre/lib/amd64/libverify.so
7f7d01afb000-7f7d01b02000 r-xp 00000000 fc:01 8652637                    /lib/x86_64-linux-gnu/librt-2.23.so
7f7d01b02000-7f7d01d01000 ---p 00007000 fc:01 8652637                    /lib/x86_64-linux-gnu/librt-2.23.so
7f7d01d01000-7f7d01d02000 r--p 00006000 fc:01 8652637                    /lib/x86_64-linux-gnu/librt-2.23.so
7f7d01d02000-7f7d01d03000 rw-p 00007000 fc:01 8652637                    /lib/x86_64-linux-gnu/librt-2.23.so
7f7d01d03000-7f7d01e0b000 r-xp 00000000 fc:01 8652577                    /lib/x86_64-linux-gnu/libm-2.23.so
7f7d01e0b000-7f7d0200a000 ---p 00108000 fc:01 8652577                    /lib/x86_64-linux-gnu/libm-2.23.so
7f7d0200a000-7f7d0200b000 r--p 00107000 fc:01 8652577                    /lib/x86_64-linux-gnu/libm-2.23.so
7f7d0200b000-7f7d0200c000 rw-p 00108000 fc:01 8652577                    /lib/x86_64-linux-gnu/libm-2.23.so
7f7d0200c000-7f7d02cf4000 r-xp 00000000 fc:01 4197183                    /usr/lib/jvm/java-8-oracle/jre/lib/amd64/server/libjvm.so
7f7d02cf4000-7f7d02ef3000 ---p 00ce8000 fc:01 4197183                    /usr/lib/jvm/java-8-oracle/jre/lib/amd64/server/libjvm.so
7f7d02ef3000-7f7d02f89000 r--p 00ce7000 fc:01 4197183                    /usr/lib/jvm/java-8-oracle/jre/lib/amd64/server/libjvm.so
7f7d02f89000-7f7d02fba000 rw-p 00d7d000 fc:01 4197183                    /usr/lib/jvm/java-8-oracle/jre/lib/amd64/server/libjvm.so
7f7d02fba000-7f7d02ff5000 rw-p 00000000 00:00 0 
7f7d02ff5000-7f7d031b5000 r-xp 00000000 fc:01 8652581                    /lib/x86_64-linux-gnu/libc-2.23.so
7f7d031b5000-7f7d033b5000 ---p 001c0000 fc:01 8652581                    /lib/x86_64-linux-gnu/libc-2.23.so
7f7d033b5000-7f7d033b9000 r--p 001c0000 fc:01 8652581                    /lib/x86_64-linux-gnu/libc-2.23.so
7f7d033b9000-7f7d033bb000 rw-p 001c4000 fc:01 8652581                    /lib/x86_64-linux-gnu/libc-2.23.so
7f7d033bb000-7f7d033bf000 rw-p 00000000 00:00 0 
7f7d033bf000-7f7d033c2000 r-xp 00000000 fc:01 8652583                    /lib/x86_64-linux-gnu/libdl-2.23.so
7f7d033c2000-7f7d035c1000 ---p 00003000 fc:01 8652583                    /lib/x86_64-linux-gnu/libdl-2.23.so
7f7d035c1000-7f7d035c2000 r--p 00002000 fc:01 8652583                    /lib/x86_64-linux-gnu/libdl-2.23.so
7f7d035c2000-7f7d035c3000 rw-p 00003000 fc:01 8652583                    /lib/x86_64-linux-gnu/libdl-2.23.so
7f7d035c3000-7f7d035da000 r-xp 00000000 fc:01 4197177                    /usr/lib/jvm/java-8-oracle/jre/lib/amd64/jli/libjli.so
7f7d035da000-7f7d037d9000 ---p 00017000 fc:01 4197177                    /usr/lib/jvm/java-8-oracle/jre/lib/amd64/jli/libjli.so
7f7d037d9000-7f7d037da000 r--p 00016000 fc:01 4197177                    /usr/lib/jvm/java-8-oracle/jre/lib/amd64/jli/libjli.so
7f7d037da000-7f7d037db000 rw-p 00017000 fc:01 4197177                    /usr/lib/jvm/java-8-oracle/jre/lib/amd64/jli/libjli.so
7f7d037db000-7f7d037f3000 r-xp 00000000 fc:01 8652580                    /lib/x86_64-linux-gnu/libpthread-2.23.so
7f7d037f3000-7f7d039f2000 ---p 00018000 fc:01 8652580                    /lib/x86_64-linux-gnu/libpthread-2.23.so
7f7d039f2000-7f7d039f3000 r--p 00017000 fc:01 8652580                    /lib/x86_64-linux-gnu/libpthread-2.23.so
7f7d039f3000-7f7d039f4000 rw-p 00018000 fc:01 8652580                    /lib/x86_64-linux-gnu/libpthread-2.23.so
7f7d039f4000-7f7d039f8000 rw-p 00000000 00:00 0 
7f7d039f8000-7f7d03a1e000 r-xp 00000000 fc:01 8652579                    /lib/x86_64-linux-gnu/ld-2.23.so
7f7d03afc000-7f7d03aff000 ---p 00000000 00:00 0 
7f7d03aff000-7f7d03c02000 rw-p 00000000 00:00 0 
7f7d03c13000-7f7d03c1b000 rw-s 00000000 fc:01 18092769                   /tmp/hsperfdata_durga/14680
7f7d03c1b000-7f7d03c1c000 rw-p 00000000 00:00 0 
7f7d03c1c000-7f7d03c1d000 r--p 00000000 00:00 0 
7f7d03c1d000-7f7d03c1e000 r--p 00025000 fc:01 8652579                    /lib/x86_64-linux-gnu/ld-2.23.so
7f7d03c1e000-7f7d03c1f000 rw-p 00026000 fc:01 8652579                    /lib/x86_64-linux-gnu/ld-2.23.so
7f7d03c1f000-7f7d03c20000 rw-p 00000000 00:00 0 
7ffd6ddf8000-7ffd6de1a000 rw-p 00000000 00:00 0                          [stack]
7ffd6df0d000-7ffd6df10000 r--p 00000000 00:00 0                          [vvar]
7ffd6df10000-7ffd6df12000 r-xp 00000000 00:00 0                          [vdso]
ffffffffff600000-ffffffffff601000 r-xp 00000000 00:00 0                  [vsyscall]

VM Arguments:
jvm_args: -Xms1024m -Xmx1024m -XX:ReservedCodeCacheSize=128m -XX:MaxMetaspaceSize=256m 
java_command: /usr/share/sbt/bin/sbt-launch.jar test
java_class_path (initial): /usr/share/sbt/bin/sbt-launch.jar
Launcher Type: SUN_STANDARD

Environment Variables:
JAVA_HOME=/usr/lib/jvm/java-8-oracle
PATH=/usr/local/sbin:/usr/local/bin:/usr/sbin:/usr/bin:/sbin:/bin:/usr/games:/usr/local/games:/snap/bin:/usr/lib/jvm/java-8-oracle/bin:/usr/lib/jvm/java-8-oracle/db/bin:/usr/lib/jvm/java-8-oracle/jre/bin:/usr/lib/jvm/java-8-oracle/bin:/usr/lib/jvm/java-8-oracle/db/bin:/usr/lib/jvm/java-8-oracle/jre/bin:/usr/share/rvm/bin
SHELL=/bin/bash
DISPLAY=:0

Signal Handlers:
SIGSEGV: [libjvm.so+0xad3e60], sa_mask[0]=11111111011111111101111111111110, sa_flags=SA_RESTART|SA_SIGINFO
SIGBUS: [libjvm.so+0xad3e60], sa_mask[0]=11111111011111111101111111111110, sa_flags=SA_RESTART|SA_SIGINFO
SIGFPE: [libjvm.so+0x90b880], sa_mask[0]=11111111011111111101111111111110, sa_flags=SA_RESTART|SA_SIGINFO
SIGPIPE: [libjvm.so+0x90b880], sa_mask[0]=11111111011111111101111111111110, sa_flags=SA_RESTART|SA_SIGINFO
SIGXFSZ: [libjvm.so+0x90b880], sa_mask[0]=11111111011111111101111111111110, sa_flags=SA_RESTART|SA_SIGINFO
SIGILL: [libjvm.so+0x90b880], sa_mask[0]=11111111011111111101111111111110, sa_flags=SA_RESTART|SA_SIGINFO
SIGUSR1: SIG_DFL, sa_mask[0]=00000000000000000000000000000000, sa_flags=none
SIGUSR2: [libjvm.so+0x90b750], sa_mask[0]=00100000000000000000000000000000, sa_flags=SA_RESTART|SA_SIGINFO
SIGHUP: SIG_DFL, sa_mask[0]=00000000000000000000000000000000, sa_flags=none
SIGINT: SIG_DFL, sa_mask[0]=00000000000000000000000000000000, sa_flags=none
SIGTERM: SIG_DFL, sa_mask[0]=00000000000000000000000000000000, sa_flags=none
SIGQUIT: SIG_DFL, sa_mask[0]=00000000000000000000000000000000, sa_flags=none


---------------  S Y S T E M  ---------------

OS:DISTRIB_ID=Ubuntu
DISTRIB_RELEASE=16.04
DISTRIB_CODENAME=xenial
DISTRIB_DESCRIPTION="Ubuntu 16.04.5 LTS"

uname:Linux 4.4.0-142-generic #168-Ubuntu SMP Wed Jan 16 21:00:45 UTC 2019 x86_64
libc:glibc 2.23 NPTL 2.23 
rlimit: STACK 8192k, CORE 0k, NPROC 63075, NOFILE 1048576, AS infinity
load average:2.52 2.17 1.94

/proc/meminfo:
MemTotal:       16276492 kB
MemFree:          163684 kB
MemAvailable:     137400 kB
Buffers:           20748 kB
Cached:          1686340 kB
SwapCached:        39440 kB
Active:          9546068 kB
Inactive:        1638464 kB
Active(anon):    9467704 kB
Inactive(anon):  1521476 kB
Active(file):      78364 kB
Inactive(file):   116988 kB
Unevictable:         800 kB
Mlocked:             800 kB
SwapTotal:      16621564 kB
SwapFree:             24 kB
Dirty:               852 kB
Writeback:             0 kB
AnonPages:       9443412 kB
Mapped:          4882504 kB
Shmem:           1510004 kB
Slab:             221984 kB
SReclaimable:      80788 kB
SUnreclaim:       141196 kB
KernelStack:       50912 kB
PageTables:       150308 kB
NFS_Unstable:          0 kB
Bounce:                0 kB
WritebackTmp:          0 kB
CommitLimit:    24759808 kB
Committed_AS:   46710464 kB
VmallocTotal:   34359738367 kB
VmallocUsed:           0 kB
VmallocChunk:          0 kB
HardwareCorrupted:     0 kB
AnonHugePages:         0 kB
CmaTotal:              0 kB
CmaFree:               0 kB
HugePages_Total:       0
HugePages_Free:        0
HugePages_Rsvd:        0
HugePages_Surp:        0
Hugepagesize:       2048 kB
DirectMap4k:      608552 kB
DirectMap2M:    13914112 kB
DirectMap1G:     4194304 kB

container (cgroup) information:
container_type: cgroupv1
cpu_cpuset_cpus: 0-7
cpu_memory_nodes: 0
active_processor_count: 8
cpu_quota: -1
cpu_period: 100000
cpu_shares: -1
memory_limit_in_bytes: -1
memory_and_swap_limit_in_bytes: -2
memory_soft_limit_in_bytes: -1
memory_usage_in_bytes: 10889838592
memory_max_usage_in_bytes: 11147755520


CPU:total 8 (initial active 8) (4 cores per cpu, 2 threads per core) family 6 model 94 stepping 3, cmov, cx8, fxsr, mmx, sse, sse2, sse3, ssse3, sse4.1, sse4.2, popcnt, avx, avx2, aes, clmul, erms, rtm, 3dnowpref, lzcnt, ht, tsc, tscinvbit, bmi1, bmi2, adx

/proc/cpuinfo:
processor	: 0
vendor_id	: GenuineIntel
cpu family	: 6
model		: 94
model name	: Intel(R) Core(TM) i7-6700HQ CPU @ 2.60GHz
stepping	: 3
microcode	: 0xc6
cpu MHz		: 2768.898
cache size	: 6144 KB
physical id	: 0
siblings	: 8
core id		: 0
cpu cores	: 4
apicid		: 0
initial apicid	: 0
fpu		: yes
fpu_exception	: yes
cpuid level	: 22
wp		: yes
flags		: fpu vme de pse tsc msr pae mce cx8 apic sep mtrr pge mca cmov pat pse36 clflush dts acpi mmx fxsr sse sse2 ss ht tm pbe syscall nx pdpe1gb rdtscp lm constant_tsc art arch_perfmon pebs bts rep_good nopl xtopology nonstop_tsc aperfmperf pni pclmulqdq dtes64 monitor ds_cpl vmx est tm2 ssse3 sdbg fma cx16 xtpr pdcm pcid sse4_1 sse4_2 x2apic movbe popcnt tsc_deadline_timer aes xsave avx f16c rdrand lahf_lm abm 3dnowprefetch epb invpcid_single intel_pt ssbd ibrs ibpb stibp kaiser tpr_shadow vnmi flexpriority ept vpid fsgsbase tsc_adjust bmi1 hle avx2 smep bmi2 erms invpcid rtm mpx rdseed adx smap clflushopt xsaveopt xsavec xgetbv1 dtherm ida arat pln pts hwp hwp_notify hwp_act_window hwp_epp flush_l1d
bugs		: cpu_meltdown spectre_v1 spectre_v2 spec_store_bypass l1tf
bogomips	: 5183.88
clflush size	: 64
cache_alignment	: 64
address sizes	: 39 bits physical, 48 bits virtual
power management:

processor	: 1
vendor_id	: GenuineIntel
cpu family	: 6
model		: 94
model name	: Intel(R) Core(TM) i7-6700HQ CPU @ 2.60GHz
stepping	: 3
microcode	: 0xc6
cpu MHz		: 2782.812
cache size	: 6144 KB
physical id	: 0
siblings	: 8
core id		: 1
cpu cores	: 4
apicid		: 2
initial apicid	: 2
fpu		: yes
fpu_exception	: yes
cpuid level	: 22
wp		: yes
flags		: fpu vme de pse tsc msr pae mce cx8 apic sep mtrr pge mca cmov pat pse36 clflush dts acpi mmx fxsr sse sse2 ss ht tm pbe syscall nx pdpe1gb rdtscp lm constant_tsc art arch_perfmon pebs bts rep_good nopl xtopology nonstop_tsc aperfmperf pni pclmulqdq dtes64 monitor ds_cpl vmx est tm2 ssse3 sdbg fma cx16 xtpr pdcm pcid sse4_1 sse4_2 x2apic movbe popcnt tsc_deadline_timer aes xsave avx f16c rdrand lahf_lm abm 3dnowprefetch epb invpcid_single intel_pt ssbd ibrs ibpb stibp kaiser tpr_shadow vnmi flexpriority ept vpid fsgsbase tsc_adjust bmi1 hle avx2 smep bmi2 erms invpcid rtm mpx rdseed adx smap clflushopt xsaveopt xsavec xgetbv1 dtherm ida arat pln pts hwp hwp_notify hwp_act_window hwp_epp flush_l1d
bugs		: cpu_meltdown spectre_v1 spectre_v2 spec_store_bypass l1tf
bogomips	: 5183.88
clflush size	: 64
cache_alignment	: 64
address sizes	: 39 bits physical, 48 bits virtual
power management:

processor	: 2
vendor_id	: GenuineIntel
cpu family	: 6
model		: 94
model name	: Intel(R) Core(TM) i7-6700HQ CPU @ 2.60GHz
stepping	: 3
microcode	: 0xc6
cpu MHz		: 2789.820
cache size	: 6144 KB
physical id	: 0
siblings	: 8
core id		: 2
cpu cores	: 4
apicid		: 4
initial apicid	: 4
fpu		: yes
fpu_exception	: yes
cpuid level	: 22
wp		: yes
flags		: fpu vme de pse tsc msr pae mce cx8 apic sep mtrr pge mca cmov pat pse36 clflush dts acpi mmx fxsr sse sse2 ss ht tm pbe syscall nx pdpe1gb rdtscp lm constant_tsc art arch_perfmon pebs bts rep_good nopl xtopology nonstop_tsc aperfmperf pni pclmulqdq dtes64 monitor ds_cpl vmx est tm2 ssse3 sdbg fma cx16 xtpr pdcm pcid sse4_1 sse4_2 x2apic movbe popcnt tsc_deadline_timer aes xsave avx f16c rdrand lahf_lm abm 3dnowprefetch epb invpcid_single intel_pt ssbd ibrs ibpb stibp kaiser tpr_shadow vnmi flexpriority ept vpid fsgsbase tsc_adjust bmi1 hle avx2 smep bmi2 erms invpcid rtm mpx rdseed adx smap clflushopt xsaveopt xsavec xgetbv1 dtherm ida arat pln pts hwp hwp_notify hwp_act_window hwp_epp flush_l1d
bugs		: cpu_meltdown spectre_v1 spectre_v2 spec_store_bypass l1tf
bogomips	: 5183.88
clflush size	: 64
cache_alignment	: 64
address sizes	: 39 bits physical, 48 bits virtual
power management:

processor	: 3
vendor_id	: GenuineIntel
cpu family	: 6
model		: 94
model name	: Intel(R) Core(TM) i7-6700HQ CPU @ 2.60GHz
stepping	: 3
microcode	: 0xc6
cpu MHz		: 2771.031
cache size	: 6144 KB
physical id	: 0
siblings	: 8
core id		: 3
cpu cores	: 4
apicid		: 6
initial apicid	: 6
fpu		: yes
fpu_exception	: yes
cpuid level	: 22
wp		: yes
flags		: fpu vme de pse tsc msr pae mce cx8 apic sep mtrr pge mca cmov pat pse36 clflush dts acpi mmx fxsr sse sse2 ss ht tm pbe syscall nx pdpe1gb rdtscp lm constant_tsc art arch_perfmon pebs bts rep_good nopl xtopology nonstop_tsc aperfmperf pni pclmulqdq dtes64 monitor ds_cpl vmx est tm2 ssse3 sdbg fma cx16 xtpr pdcm pcid sse4_1 sse4_2 x2apic movbe popcnt tsc_deadline_timer aes xsave avx f16c rdrand lahf_lm abm 3dnowprefetch epb invpcid_single intel_pt ssbd ibrs ibpb stibp kaiser tpr_shadow vnmi flexpriority ept vpid fsgsbase tsc_adjust bmi1 hle avx2 smep bmi2 erms invpcid rtm mpx rdseed adx smap clflushopt xsaveopt xsavec xgetbv1 dtherm ida arat pln pts hwp hwp_notify hwp_act_window hwp_epp flush_l1d
bugs		: cpu_meltdown spectre_v1 spectre_v2 spec_store_bypass l1tf
bogomips	: 5183.88
clflush size	: 64
cache_alignment	: 64
address sizes	: 39 bits physical, 48 bits virtual
power management:

processor	: 4
vendor_id	: GenuineIntel
cpu family	: 6
model		: 94
model name	: Intel(R) Core(TM) i7-6700HQ CPU @ 2.60GHz
stepping	: 3
microcode	: 0xc6
cpu MHz		: 2785.351
cache size	: 6144 KB
physical id	: 0
siblings	: 8
core id		: 0
cpu cores	: 4
apicid		: 1
initial apicid	: 1
fpu		: yes
fpu_exception	: yes
cpuid level	: 22
wp		: yes
flags		: fpu vme de pse tsc msr pae mce cx8 apic sep mtrr pge mca cmov pat pse36 clflush dts acpi mmx fxsr sse sse2 ss ht tm pbe syscall nx pdpe1gb rdtscp lm constant_tsc art arch_perfmon pebs bts rep_good nopl xtopology nonstop_tsc aperfmperf pni pclmulqdq dtes64 monitor ds_cpl vmx est tm2 ssse3 sdbg fma cx16 xtpr pdcm pcid sse4_1 sse4_2 x2apic movbe popcnt tsc_deadline_timer aes xsave avx f16c rdrand lahf_lm abm 3dnowprefetch epb invpcid_single intel_pt ssbd ibrs ibpb stibp kaiser tpr_shadow vnmi flexpriority ept vpid fsgsbase tsc_adjust bmi1 hle avx2 smep bmi2 erms invpcid rtm mpx rdseed adx smap clflushopt xsaveopt xsavec xgetbv1 dtherm ida arat pln pts hwp hwp_notify hwp_act_window hwp_epp flush_l1d
bugs		: cpu_meltdown spectre_v1 spectre_v2 spec_store_bypass l1tf
bogomips	: 5183.88
clflush size	: 64
cache_alignment	: 64
address sizes	: 39 bits physical, 48 bits virtual
power management:

processor	: 5
vendor_id	: GenuineIntel
cpu family	: 6
model		: 94
model name	: Intel(R) Core(TM) i7-6700HQ CPU @ 2.60GHz
stepping	: 3
microcode	: 0xc6
cpu MHz		: 2774.585
cache size	: 6144 KB
physical id	: 0
siblings	: 8
core id		: 1
cpu cores	: 4
apicid		: 3
initial apicid	: 3
fpu		: yes
fpu_exception	: yes
cpuid level	: 22
wp		: yes
flags		: fpu vme de pse tsc msr pae mce cx8 apic sep mtrr pge mca cmov pat pse36 clflush dts acpi mmx fxsr sse sse2 ss ht tm pbe syscall nx pdpe1gb rdtscp lm constant_tsc art arch_perfmon pebs bts rep_good nopl xtopology nonstop_tsc aperfmperf pni pclmulqdq dtes64 monitor ds_cpl vmx est tm2 ssse3 sdbg fma cx16 xtpr pdcm pcid sse4_1 sse4_2 x2apic movbe popcnt tsc_deadline_timer aes xsave avx f16c rdrand lahf_lm abm 3dnowprefetch epb invpcid_single intel_pt ssbd ibrs ibpb stibp kaiser tpr_shadow vnmi flexpriority ept vpid fsgsbase tsc_adjust bmi1 hle avx2 smep bmi2 erms invpcid rtm mpx rdseed adx smap clflushopt xsaveopt xsavec xgetbv1 dtherm ida arat pln pts hwp hwp_notify hwp_act_window hwp_epp flush_l1d
bugs		: cpu_meltdown spectre_v1 spectre_v2 spec_store_bypass l1tf
bogomips	: 5183.88
clflush size	: 64
cache_alignment	: 64
address sizes	: 39 bits physical, 48 bits virtual
power management:

processor	: 6
vendor_id	: GenuineIntel
cpu family	: 6
model		: 94
model name	: Intel(R) Core(TM) i7-6700HQ CPU @ 2.60GHz
stepping	: 3
microcode	: 0xc6
cpu MHz		: 2745.640
cache size	: 6144 KB
physical id	: 0
siblings	: 8
core id		: 2
cpu cores	: 4
apicid		: 5
initial apicid	: 5
fpu		: yes
fpu_exception	: yes
cpuid level	: 22
wp		: yes
flags		: fpu vme de pse tsc msr pae mce cx8 apic sep mtrr pge mca cmov pat pse36 clflush dts acpi mmx fxsr sse sse2 ss ht tm pbe syscall nx pdpe1gb rdtscp lm constant_tsc art arch_perfmon pebs bts rep_good nopl xtopology nonstop_tsc aperfmperf pni pclmulqdq dtes64 monitor ds_cpl vmx est tm2 ssse3 sdbg fma cx16 xtpr pdcm pcid sse4_1 sse4_2 x2apic movbe popcnt tsc_deadline_timer aes xsave avx f16c rdrand lahf_lm abm 3dnowprefetch epb invpcid_single intel_pt ssbd ibrs ibpb stibp kaiser tpr_shadow vnmi flexpriority ept vpid fsgsbase tsc_adjust bmi1 hle avx2 smep bmi2 erms invpcid rtm mpx rdseed adx smap clflushopt xsaveopt xsavec xgetbv1 dtherm ida arat pln pts hwp hwp_notify hwp_act_window hwp_epp flush_l1d
bugs		: cpu_meltdown spectre_v1 spectre_v2 spec_store_bypass l1tf
bogomips	: 5183.88
clflush size	: 64
cache_alignment	: 64
address sizes	: 39 bits physical, 48 bits virtual
power management:

processor	: 7
vendor_id	: GenuineIntel
cpu family	: 6
model		: 94
model name	: Intel(R) Core(TM) i7-6700HQ CPU @ 2.60GHz
stepping	: 3
microcode	: 0xc6
cpu MHz		: 2725.125
cache size	: 6144 KB
physical id	: 0
siblings	: 8
core id		: 3
cpu cores	: 4
apicid		: 7
initial apicid	: 7
fpu		: yes
fpu_exception	: yes
cpuid level	: 22
wp		: yes
flags		: fpu vme de pse tsc msr pae mce cx8 apic sep mtrr pge mca cmov pat pse36 clflush dts acpi mmx fxsr sse sse2 ss ht tm pbe syscall nx pdpe1gb rdtscp lm constant_tsc art arch_perfmon pebs bts rep_good nopl xtopology nonstop_tsc aperfmperf pni pclmulqdq dtes64 monitor ds_cpl vmx est tm2 ssse3 sdbg fma cx16 xtpr pdcm pcid sse4_1 sse4_2 x2apic movbe popcnt tsc_deadline_timer aes xsave avx f16c rdrand lahf_lm abm 3dnowprefetch epb invpcid_single intel_pt ssbd ibrs ibpb stibp kaiser tpr_shadow vnmi flexpriority ept vpid fsgsbase tsc_adjust bmi1 hle avx2 smep bmi2 erms invpcid rtm mpx rdseed adx smap clflushopt xsaveopt xsavec xgetbv1 dtherm ida arat pln pts hwp hwp_notify hwp_act_window hwp_epp flush_l1d
bugs		: cpu_meltdown spectre_v1 spectre_v2 spec_store_bypass l1tf
bogomips	: 5183.88
clflush size	: 64
cache_alignment	: 64
address sizes	: 39 bits physical, 48 bits virtual
power management:



Memory: 4k page, physical 16276492k(163684k free), swap 16621564k(28k free)

vm_info: Java HotSpot(TM) 64-Bit Server VM (25.201-b09) for linux-amd64 JRE (1.8.0_201-b09), built on Dec 15 2018 11:35:59 by "java_re" with gcc 7.3.0

time: Tue Apr  2 17:16:03 2019
timezone: BST
elapsed time: 0 seconds (0d 0h 0m 0s)

